14-Jul-2024 10:48:28.393 INFORMACIÓN [main] org.apache.catalina.startup.VersionLoggerListener.log Nombre de la versión del servidor: Apache Tomcat/10.1.18
14-Jul-2024 10:48:28.397 INFORMACIÓN [main] org.apache.catalina.startup.VersionLoggerListener.log Server built:                      Jan 5 2024 14:39:40 UTC
14-Jul-2024 10:48:28.398 INFORMACIÓN [main] org.apache.catalina.startup.VersionLoggerListener.log Número de versión de servidor:     10.1.18.0
14-Jul-2024 10:48:28.398 INFORMACIÓN [main] org.apache.catalina.startup.VersionLoggerListener.log OS Name:                           Mac OS X
14-Jul-2024 10:48:28.398 INFORMACIÓN [main] org.apache.catalina.startup.VersionLoggerListener.log Versión de Systema Operativo:      14.5
14-Jul-2024 10:48:28.398 INFORMACIÓN [main] org.apache.catalina.startup.VersionLoggerListener.log Arquitectura:                      x86_64
14-Jul-2024 10:48:28.398 INFORMACIÓN [main] org.apache.catalina.startup.VersionLoggerListener.log Java Home:                         /Library/Java/JavaVirtualMachines/openjdk11/Contents/Home
14-Jul-2024 10:48:28.399 INFORMACIÓN [main] org.apache.catalina.startup.VersionLoggerListener.log JVM Version:                       11.0.16.1+1
14-Jul-2024 10:48:28.399 INFORMACIÓN [main] org.apache.catalina.startup.VersionLoggerListener.log Vededor JVM:                       OpenJDK Porters Group
14-Jul-2024 10:48:28.399 INFORMACIÓN [main] org.apache.catalina.startup.VersionLoggerListener.log CATALINA_BASE:                     /Users/israellcid/Documents/MasterCompletoJava2024/apache-tomcat-10.1.18
14-Jul-2024 10:48:28.399 INFORMACIÓN [main] org.apache.catalina.startup.VersionLoggerListener.log CATALINA_HOME:                     /Users/israellcid/Documents/MasterCompletoJava2024/apache-tomcat-10.1.18
14-Jul-2024 10:48:28.425 INFORMACIÓN [main] org.apache.catalina.startup.VersionLoggerListener.log Command line argument:             -Djava.util.logging.config.file=/Users/israellcid/Documents/MasterCompletoJava2024/apache-tomcat-10.1.18/conf/logging.properties
14-Jul-2024 10:48:28.425 INFORMACIÓN [main] org.apache.catalina.startup.VersionLoggerListener.log Command line argument:             -Djava.util.logging.manager=org.apache.juli.ClassLoaderLogManager
14-Jul-2024 10:48:28.426 INFORMACIÓN [main] org.apache.catalina.startup.VersionLoggerListener.log Command line argument:             -Djdk.tls.ephemeralDHKeySize=2048
14-Jul-2024 10:48:28.426 INFORMACIÓN [main] org.apache.catalina.startup.VersionLoggerListener.log Command line argument:             -Djava.protocol.handler.pkgs=org.apache.catalina.webresources
14-Jul-2024 10:48:28.426 INFORMACIÓN [main] org.apache.catalina.startup.VersionLoggerListener.log Command line argument:             -Dorg.apache.catalina.security.SecurityListener.UMASK=0027
14-Jul-2024 10:48:28.426 INFORMACIÓN [main] org.apache.catalina.startup.VersionLoggerListener.log Command line argument:             --add-opens=java.base/java.lang=ALL-UNNAMED
14-Jul-2024 10:48:28.426 INFORMACIÓN [main] org.apache.catalina.startup.VersionLoggerListener.log Command line argument:             --add-opens=java.base/java.io=ALL-UNNAMED
14-Jul-2024 10:48:28.426 INFORMACIÓN [main] org.apache.catalina.startup.VersionLoggerListener.log Command line argument:             --add-opens=java.base/java.util=ALL-UNNAMED
14-Jul-2024 10:48:28.427 INFORMACIÓN [main] org.apache.catalina.startup.VersionLoggerListener.log Command line argument:             --add-opens=java.base/java.util.concurrent=ALL-UNNAMED
14-Jul-2024 10:48:28.427 INFORMACIÓN [main] org.apache.catalina.startup.VersionLoggerListener.log Command line argument:             --add-opens=java.rmi/sun.rmi.transport=ALL-UNNAMED
14-Jul-2024 10:48:28.427 INFORMACIÓN [main] org.apache.catalina.startup.VersionLoggerListener.log Command line argument:             -Dcatalina.base=/Users/israellcid/Documents/MasterCompletoJava2024/apache-tomcat-10.1.18
14-Jul-2024 10:48:28.427 INFORMACIÓN [main] org.apache.catalina.startup.VersionLoggerListener.log Command line argument:             -Dcatalina.home=/Users/israellcid/Documents/MasterCompletoJava2024/apache-tomcat-10.1.18
14-Jul-2024 10:48:28.427 INFORMACIÓN [main] org.apache.catalina.startup.VersionLoggerListener.log Command line argument:             -Djava.io.tmpdir=/Users/israellcid/Documents/MasterCompletoJava2024/apache-tomcat-10.1.18/temp
14-Jul-2024 10:48:28.439 INFORMACIÓN [main] org.apache.catalina.core.AprLifecycleListener.lifecycleEvent La biblioteca nativa de Apache Tomcat basada en ARP que permite un rendimiento óptimo en entornos de desarrollo no ha sido hallada en java.library.path: [/Users/israellcid/Library/Java/Extensions:/Library/Java/Extensions:/Network/Library/Java/Extensions:/System/Library/Java/Extensions:/usr/lib/java:.]
14-Jul-2024 10:48:28.771 INFORMACIÓN [main] org.apache.coyote.AbstractProtocol.init Inicializando el manejador de protocolo ["http-nio-8080"]

14-Jul-2024 10:48:28.815 INFORMACIÓN [main] org.apache.catalina.startup.Catalina.load Server initialization in [758] milliseconds
14-Jul-2024 10:48:28.868 INFORMACIÓN [main] org.apache.catalina.core.StandardService.startInternal Arrancando servicio [Catalina]
14-Jul-2024 10:48:28.868 INFORMACIÓN [main] org.apache.catalina.core.StandardEngine.startInternal Starting Servlet engine: [Apache Tomcat/10.1.18]
14-Jul-2024 10:48:28.901 INFORMACIÓN [main] org.apache.catalina.startup.HostConfig.deployWAR Despliegue del archivo [/Users/israellcid/Documents/MasterCompletoJava2024/apache-tomcat-10.1.18/webapps/webapp-bbdd-tarea9.war] de la aplicación web
14-Jul-2024 10:48:29.929 INFORMACIÓN [main] org.apache.jasper.servlet.TldScanner.scanJars Al menos un JAR, que se ha explorado buscando TLDs, aún no contenía TLDs. Activar historial de depuración para este historiador para una completa lista de los JARs que fueron explorados y de los que nos se halló TLDs. Saltarse JARs no necesarios durante la exploración puede dar lugar a una mejora de tiempo significativa en el arranque y compilación de JSP .
14-Jul-2024 10:48:29.967 INFORMACIÓN [main] org.apache.catalina.startup.HostConfig.deployWAR Deployment of web application archive [/Users/israellcid/Documents/MasterCompletoJava2024/apache-tomcat-10.1.18/webapps/webapp-bbdd-tarea9.war] has finished in [1.064] ms
14-Jul-2024 10:48:29.969 INFORMACIÓN [main] org.apache.catalina.startup.HostConfig.deployWAR Despliegue del archivo [/Users/israellcid/Documents/MasterCompletoJava2024/apache-tomcat-10.1.18/webapps/webapp-session.war] de la aplicación web
14-Jul-2024 10:48:30.514 INFORMACIÓN [main] org.apache.jasper.servlet.TldScanner.scanJars Al menos un JAR, que se ha explorado buscando TLDs, aún no contenía TLDs. Activar historial de depuración para este historiador para una completa lista de los JARs que fueron explorados y de los que nos se halló TLDs. Saltarse JARs no necesarios durante la exploración puede dar lugar a una mejora de tiempo significativa en el arranque y compilación de JSP .
14-Jul-2024 10:48:30.517 INFORMACIÓN [main] org.apache.catalina.startup.HostConfig.deployWAR Deployment of web application archive [/Users/israellcid/Documents/MasterCompletoJava2024/apache-tomcat-10.1.18/webapps/webapp-session.war] has finished in [548] ms
14-Jul-2024 10:48:30.518 INFORMACIÓN [main] org.apache.catalina.startup.HostConfig.deployDirectory Desplegando el directorio [/Users/israellcid/Documents/MasterCompletoJava2024/apache-tomcat-10.1.18/webapps/docs] de la aplicación web
14-Jul-2024 10:48:30.952 INFORMACIÓN [main] org.apache.jasper.servlet.TldScanner.scanJars Al menos un JAR, que se ha explorado buscando TLDs, aún no contenía TLDs. Activar historial de depuración para este historiador para una completa lista de los JARs que fueron explorados y de los que nos se halló TLDs. Saltarse JARs no necesarios durante la exploración puede dar lugar a una mejora de tiempo significativa en el arranque y compilación de JSP .
14-Jul-2024 10:48:30.955 INFORMACIÓN [main] org.apache.catalina.startup.HostConfig.deployDirectory Deployment of web application directory [/Users/israellcid/Documents/MasterCompletoJava2024/apache-tomcat-10.1.18/webapps/docs] has finished in [436] ms
14-Jul-2024 10:48:30.955 INFORMACIÓN [main] org.apache.catalina.startup.HostConfig.deployDirectory Desplegando el directorio [/Users/israellcid/Documents/MasterCompletoJava2024/apache-tomcat-10.1.18/webapps/manager] de la aplicación web
14-Jul-2024 10:48:31.372 INFORMACIÓN [main] org.apache.jasper.servlet.TldScanner.scanJars Al menos un JAR, que se ha explorado buscando TLDs, aún no contenía TLDs. Activar historial de depuración para este historiador para una completa lista de los JARs que fueron explorados y de los que nos se halló TLDs. Saltarse JARs no necesarios durante la exploración puede dar lugar a una mejora de tiempo significativa en el arranque y compilación de JSP .
14-Jul-2024 10:48:31.379 INFORMACIÓN [main] org.apache.catalina.startup.HostConfig.deployDirectory Deployment of web application directory [/Users/israellcid/Documents/MasterCompletoJava2024/apache-tomcat-10.1.18/webapps/manager] has finished in [424] ms
14-Jul-2024 10:48:31.379 INFORMACIÓN [main] org.apache.catalina.startup.HostConfig.deployDirectory Desplegando el directorio [/Users/israellcid/Documents/MasterCompletoJava2024/apache-tomcat-10.1.18/webapps/examples] de la aplicación web
14-Jul-2024 10:48:32.116 INFORMACIÓN [main] org.apache.jasper.servlet.TldScanner.scanJars Al menos un JAR, que se ha explorado buscando TLDs, aún no contenía TLDs. Activar historial de depuración para este historiador para una completa lista de los JARs que fueron explorados y de los que nos se halló TLDs. Saltarse JARs no necesarios durante la exploración puede dar lugar a una mejora de tiempo significativa en el arranque y compilación de JSP .
14-Jul-2024 10:48:32.131 INFORMACIÓN [main] org.apache.catalina.startup.HostConfig.deployDirectory Deployment of web application directory [/Users/israellcid/Documents/MasterCompletoJava2024/apache-tomcat-10.1.18/webapps/examples] has finished in [752] ms
14-Jul-2024 10:48:32.132 INFORMACIÓN [main] org.apache.catalina.startup.HostConfig.deployDirectory Desplegando el directorio [/Users/israellcid/Documents/MasterCompletoJava2024/apache-tomcat-10.1.18/webapps/ROOT] de la aplicación web
14-Jul-2024 10:48:32.568 INFORMACIÓN [main] org.apache.jasper.servlet.TldScanner.scanJars Al menos un JAR, que se ha explorado buscando TLDs, aún no contenía TLDs. Activar historial de depuración para este historiador para una completa lista de los JARs que fueron explorados y de los que nos se halló TLDs. Saltarse JARs no necesarios durante la exploración puede dar lugar a una mejora de tiempo significativa en el arranque y compilación de JSP .
14-Jul-2024 10:48:32.570 INFORMACIÓN [main] org.apache.catalina.startup.HostConfig.deployDirectory Deployment of web application directory [/Users/israellcid/Documents/MasterCompletoJava2024/apache-tomcat-10.1.18/webapps/ROOT] has finished in [438] ms
14-Jul-2024 10:48:32.570 INFORMACIÓN [main] org.apache.catalina.startup.HostConfig.deployDirectory Desplegando el directorio [/Users/israellcid/Documents/MasterCompletoJava2024/apache-tomcat-10.1.18/webapps/host-manager] de la aplicación web
14-Jul-2024 10:48:33.052 INFORMACIÓN [main] org.apache.jasper.servlet.TldScanner.scanJars Al menos un JAR, que se ha explorado buscando TLDs, aún no contenía TLDs. Activar historial de depuración para este historiador para una completa lista de los JARs que fueron explorados y de los que nos se halló TLDs. Saltarse JARs no necesarios durante la exploración puede dar lugar a una mejora de tiempo significativa en el arranque y compilación de JSP .
14-Jul-2024 10:48:33.055 INFORMACIÓN [main] org.apache.catalina.startup.HostConfig.deployDirectory Deployment of web application directory [/Users/israellcid/Documents/MasterCompletoJava2024/apache-tomcat-10.1.18/webapps/host-manager] has finished in [485] ms
14-Jul-2024 10:48:33.059 INFORMACIÓN [main] org.apache.coyote.AbstractProtocol.start Starting ProtocolHandler ["http-nio-8080"]
14-Jul-2024 10:48:33.096 INFORMACIÓN [main] org.apache.catalina.startup.Catalina.start Server startup in [4280] milliseconds
14-Jul-2024 10:48:36.273 INFORMACIÓN [http-nio-8080-exec-1] org.apache.catalina.startup.HostConfig.undeploy Repliegue (undeploy) de la aplicación web que tiene como trayectoria de contexto [/webapp-session]
14-Jul-2024 10:48:36.316 INFORMACIÓN [http-nio-8080-exec-1] org.apache.catalina.startup.HostConfig.deployWAR Despliegue del archivo [/Users/israellcid/Documents/MasterCompletoJava2024/apache-tomcat-10.1.18/webapps/webapp-session.war] de la aplicación web
14-Jul-2024 10:48:36.980 INFORMACIÓN [http-nio-8080-exec-1] org.apache.jasper.servlet.TldScanner.scanJars Al menos un JAR, que se ha explorado buscando TLDs, aún no contenía TLDs. Activar historial de depuración para este historiador para una completa lista de los JARs que fueron explorados y de los que nos se halló TLDs. Saltarse JARs no necesarios durante la exploración puede dar lugar a una mejora de tiempo significativa en el arranque y compilación de JSP .
14-Jul-2024 10:48:36.984 INFORMACIÓN [http-nio-8080-exec-1] org.apache.catalina.startup.HostConfig.deployWAR Deployment of web application archive [/Users/israellcid/Documents/MasterCompletoJava2024/apache-tomcat-10.1.18/webapps/webapp-session.war] has finished in [668] ms
14-Jul-2024 11:01:52.784 INFORMACIÓN [http-nio-8080-exec-13] org.apache.catalina.startup.HostConfig.undeploy Repliegue (undeploy) de la aplicación web que tiene como trayectoria de contexto [/webapp-bbdd-tarea9]
14-Jul-2024 11:01:52.820 INFORMACIÓN [http-nio-8080-exec-13] org.apache.catalina.startup.HostConfig.deployWAR Despliegue del archivo [/Users/israellcid/Documents/MasterCompletoJava2024/apache-tomcat-10.1.18/webapps/webapp-bbdd-tarea9.war] de la aplicación web
14-Jul-2024 11:01:53.529 INFORMACIÓN [http-nio-8080-exec-13] org.apache.jasper.servlet.TldScanner.scanJars Al menos un JAR, que se ha explorado buscando TLDs, aún no contenía TLDs. Activar historial de depuración para este historiador para una completa lista de los JARs que fueron explorados y de los que nos se halló TLDs. Saltarse JARs no necesarios durante la exploración puede dar lugar a una mejora de tiempo significativa en el arranque y compilación de JSP .
14-Jul-2024 11:01:53.532 INFORMACIÓN [http-nio-8080-exec-13] org.apache.catalina.startup.HostConfig.deployWAR Deployment of web application archive [/Users/israellcid/Documents/MasterCompletoJava2024/apache-tomcat-10.1.18/webapps/webapp-bbdd-tarea9.war] has finished in [712] ms
14-Jul-2024 11:02:52.594 INFORMACIÓN [http-nio-8080-exec-18] org.apache.catalina.startup.HostConfig.undeploy Repliegue (undeploy) de la aplicación web que tiene como trayectoria de contexto [/webapp-bbdd-tarea9]
14-Jul-2024 11:02:52.615 INFORMACIÓN [http-nio-8080-exec-18] org.apache.catalina.startup.HostConfig.deployWAR Despliegue del archivo [/Users/israellcid/Documents/MasterCompletoJava2024/apache-tomcat-10.1.18/webapps/webapp-bbdd-tarea9.war] de la aplicación web
14-Jul-2024 11:02:53.066 INFORMACIÓN [http-nio-8080-exec-18] org.apache.jasper.servlet.TldScanner.scanJars Al menos un JAR, que se ha explorado buscando TLDs, aún no contenía TLDs. Activar historial de depuración para este historiador para una completa lista de los JARs que fueron explorados y de los que nos se halló TLDs. Saltarse JARs no necesarios durante la exploración puede dar lugar a una mejora de tiempo significativa en el arranque y compilación de JSP .
14-Jul-2024 11:02:53.068 INFORMACIÓN [http-nio-8080-exec-18] org.apache.catalina.startup.HostConfig.deployWAR Deployment of web application archive [/Users/israellcid/Documents/MasterCompletoJava2024/apache-tomcat-10.1.18/webapps/webapp-bbdd-tarea9.war] has finished in [454] ms
