06-Jul-2024 15:04:33.648 INFORMACIÓN [main] org.apache.catalina.startup.VersionLoggerListener.log Nombre de la versión del servidor: Apache Tomcat/10.1.18
06-Jul-2024 15:04:33.651 INFORMACIÓN [main] org.apache.catalina.startup.VersionLoggerListener.log Server built:                      Jan 5 2024 14:39:40 UTC
06-Jul-2024 15:04:33.651 INFORMACIÓN [main] org.apache.catalina.startup.VersionLoggerListener.log Número de versión de servidor:     10.1.18.0
06-Jul-2024 15:04:33.652 INFORMACIÓN [main] org.apache.catalina.startup.VersionLoggerListener.log OS Name:                           Mac OS X
06-Jul-2024 15:04:33.652 INFORMACIÓN [main] org.apache.catalina.startup.VersionLoggerListener.log Versión de Systema Operativo:      14.5
06-Jul-2024 15:04:33.652 INFORMACIÓN [main] org.apache.catalina.startup.VersionLoggerListener.log Arquitectura:                      x86_64
06-Jul-2024 15:04:33.652 INFORMACIÓN [main] org.apache.catalina.startup.VersionLoggerListener.log Java Home:                         /Library/Java/JavaVirtualMachines/openjdk11/Contents/Home
06-Jul-2024 15:04:33.652 INFORMACIÓN [main] org.apache.catalina.startup.VersionLoggerListener.log JVM Version:                       11.0.16.1+1
06-Jul-2024 15:04:33.652 INFORMACIÓN [main] org.apache.catalina.startup.VersionLoggerListener.log Vededor JVM:                       OpenJDK Porters Group
06-Jul-2024 15:04:33.652 INFORMACIÓN [main] org.apache.catalina.startup.VersionLoggerListener.log CATALINA_BASE:                     /Users/israellcid/Documents/MasterCompletoJava2024/apache-tomcat-10.1.18
06-Jul-2024 15:04:33.652 INFORMACIÓN [main] org.apache.catalina.startup.VersionLoggerListener.log CATALINA_HOME:                     /Users/israellcid/Documents/MasterCompletoJava2024/apache-tomcat-10.1.18
06-Jul-2024 15:04:33.685 INFORMACIÓN [main] org.apache.catalina.startup.VersionLoggerListener.log Command line argument:             -Djava.util.logging.config.file=/Users/israellcid/Documents/MasterCompletoJava2024/apache-tomcat-10.1.18/conf/logging.properties
06-Jul-2024 15:04:33.685 INFORMACIÓN [main] org.apache.catalina.startup.VersionLoggerListener.log Command line argument:             -Djava.util.logging.manager=org.apache.juli.ClassLoaderLogManager
06-Jul-2024 15:04:33.685 INFORMACIÓN [main] org.apache.catalina.startup.VersionLoggerListener.log Command line argument:             -Djdk.tls.ephemeralDHKeySize=2048
06-Jul-2024 15:04:33.686 INFORMACIÓN [main] org.apache.catalina.startup.VersionLoggerListener.log Command line argument:             -Djava.protocol.handler.pkgs=org.apache.catalina.webresources
06-Jul-2024 15:04:33.686 INFORMACIÓN [main] org.apache.catalina.startup.VersionLoggerListener.log Command line argument:             -Dorg.apache.catalina.security.SecurityListener.UMASK=0027
06-Jul-2024 15:04:33.686 INFORMACIÓN [main] org.apache.catalina.startup.VersionLoggerListener.log Command line argument:             --add-opens=java.base/java.lang=ALL-UNNAMED
06-Jul-2024 15:04:33.686 INFORMACIÓN [main] org.apache.catalina.startup.VersionLoggerListener.log Command line argument:             --add-opens=java.base/java.io=ALL-UNNAMED
06-Jul-2024 15:04:33.686 INFORMACIÓN [main] org.apache.catalina.startup.VersionLoggerListener.log Command line argument:             --add-opens=java.base/java.util=ALL-UNNAMED
06-Jul-2024 15:04:33.686 INFORMACIÓN [main] org.apache.catalina.startup.VersionLoggerListener.log Command line argument:             --add-opens=java.base/java.util.concurrent=ALL-UNNAMED
06-Jul-2024 15:04:33.686 INFORMACIÓN [main] org.apache.catalina.startup.VersionLoggerListener.log Command line argument:             --add-opens=java.rmi/sun.rmi.transport=ALL-UNNAMED
06-Jul-2024 15:04:33.686 INFORMACIÓN [main] org.apache.catalina.startup.VersionLoggerListener.log Command line argument:             -Dcatalina.base=/Users/israellcid/Documents/MasterCompletoJava2024/apache-tomcat-10.1.18
06-Jul-2024 15:04:33.686 INFORMACIÓN [main] org.apache.catalina.startup.VersionLoggerListener.log Command line argument:             -Dcatalina.home=/Users/israellcid/Documents/MasterCompletoJava2024/apache-tomcat-10.1.18
06-Jul-2024 15:04:33.686 INFORMACIÓN [main] org.apache.catalina.startup.VersionLoggerListener.log Command line argument:             -Djava.io.tmpdir=/Users/israellcid/Documents/MasterCompletoJava2024/apache-tomcat-10.1.18/temp
06-Jul-2024 15:04:33.697 INFORMACIÓN [main] org.apache.catalina.core.AprLifecycleListener.lifecycleEvent La biblioteca nativa de Apache Tomcat basada en ARP que permite un rendimiento óptimo en entornos de desarrollo no ha sido hallada en java.library.path: [/Users/israellcid/Library/Java/Extensions:/Library/Java/Extensions:/Network/Library/Java/Extensions:/System/Library/Java/Extensions:/usr/lib/java:.]
06-Jul-2024 15:04:33.946 INFORMACIÓN [main] org.apache.coyote.AbstractProtocol.init Inicializando el manejador de protocolo ["http-nio-8080"]

06-Jul-2024 15:04:33.985 INFORMACIÓN [main] org.apache.catalina.startup.Catalina.load Server initialization in [597] milliseconds
06-Jul-2024 15:04:34.031 INFORMACIÓN [main] org.apache.catalina.core.StandardService.startInternal Arrancando servicio [Catalina]
06-Jul-2024 15:04:34.031 INFORMACIÓN [main] org.apache.catalina.core.StandardEngine.startInternal Starting Servlet engine: [Apache Tomcat/10.1.18]
06-Jul-2024 15:04:34.055 INFORMACIÓN [main] org.apache.catalina.startup.HostConfig.deployWAR Despliegue del archivo [/Users/israellcid/Documents/MasterCompletoJava2024/apache-tomcat-10.1.18/webapps/webapp-bbdd-tarea9.war] de la aplicación web
06-Jul-2024 15:04:34.957 INFORMACIÓN [main] org.apache.jasper.servlet.TldScanner.scanJars Al menos un JAR, que se ha explorado buscando TLDs, aún no contenía TLDs. Activar historial de depuración para este historiador para una completa lista de los JARs que fueron explorados y de los que nos se halló TLDs. Saltarse JARs no necesarios durante la exploración puede dar lugar a una mejora de tiempo significativa en el arranque y compilación de JSP .
06-Jul-2024 15:04:34.995 INFORMACIÓN [main] org.apache.catalina.startup.HostConfig.deployWAR Deployment of web application archive [/Users/israellcid/Documents/MasterCompletoJava2024/apache-tomcat-10.1.18/webapps/webapp-bbdd-tarea9.war] has finished in [938] ms
06-Jul-2024 15:04:34.997 INFORMACIÓN [main] org.apache.catalina.startup.HostConfig.deployWAR Despliegue del archivo [/Users/israellcid/Documents/MasterCompletoJava2024/apache-tomcat-10.1.18/webapps/webapp-session.war] de la aplicación web
06-Jul-2024 15:04:35.458 INFORMACIÓN [main] org.apache.jasper.servlet.TldScanner.scanJars Al menos un JAR, que se ha explorado buscando TLDs, aún no contenía TLDs. Activar historial de depuración para este historiador para una completa lista de los JARs que fueron explorados y de los que nos se halló TLDs. Saltarse JARs no necesarios durante la exploración puede dar lugar a una mejora de tiempo significativa en el arranque y compilación de JSP .
06-Jul-2024 15:04:35.461 INFORMACIÓN [main] org.apache.catalina.startup.HostConfig.deployWAR Deployment of web application archive [/Users/israellcid/Documents/MasterCompletoJava2024/apache-tomcat-10.1.18/webapps/webapp-session.war] has finished in [464] ms
06-Jul-2024 15:04:35.461 INFORMACIÓN [main] org.apache.catalina.startup.HostConfig.deployDirectory Desplegando el directorio [/Users/israellcid/Documents/MasterCompletoJava2024/apache-tomcat-10.1.18/webapps/docs] de la aplicación web
06-Jul-2024 15:04:35.760 INFORMACIÓN [main] org.apache.jasper.servlet.TldScanner.scanJars Al menos un JAR, que se ha explorado buscando TLDs, aún no contenía TLDs. Activar historial de depuración para este historiador para una completa lista de los JARs que fueron explorados y de los que nos se halló TLDs. Saltarse JARs no necesarios durante la exploración puede dar lugar a una mejora de tiempo significativa en el arranque y compilación de JSP .
06-Jul-2024 15:04:35.762 INFORMACIÓN [main] org.apache.catalina.startup.HostConfig.deployDirectory Deployment of web application directory [/Users/israellcid/Documents/MasterCompletoJava2024/apache-tomcat-10.1.18/webapps/docs] has finished in [301] ms
06-Jul-2024 15:04:35.762 INFORMACIÓN [main] org.apache.catalina.startup.HostConfig.deployDirectory Desplegando el directorio [/Users/israellcid/Documents/MasterCompletoJava2024/apache-tomcat-10.1.18/webapps/manager] de la aplicación web
06-Jul-2024 15:04:36.074 INFORMACIÓN [main] org.apache.jasper.servlet.TldScanner.scanJars Al menos un JAR, que se ha explorado buscando TLDs, aún no contenía TLDs. Activar historial de depuración para este historiador para una completa lista de los JARs que fueron explorados y de los que nos se halló TLDs. Saltarse JARs no necesarios durante la exploración puede dar lugar a una mejora de tiempo significativa en el arranque y compilación de JSP .
06-Jul-2024 15:04:36.079 INFORMACIÓN [main] org.apache.catalina.startup.HostConfig.deployDirectory Deployment of web application directory [/Users/israellcid/Documents/MasterCompletoJava2024/apache-tomcat-10.1.18/webapps/manager] has finished in [317] ms
06-Jul-2024 15:04:36.080 INFORMACIÓN [main] org.apache.catalina.startup.HostConfig.deployDirectory Desplegando el directorio [/Users/israellcid/Documents/MasterCompletoJava2024/apache-tomcat-10.1.18/webapps/examples] de la aplicación web
06-Jul-2024 15:04:36.537 INFORMACIÓN [main] org.apache.jasper.servlet.TldScanner.scanJars Al menos un JAR, que se ha explorado buscando TLDs, aún no contenía TLDs. Activar historial de depuración para este historiador para una completa lista de los JARs que fueron explorados y de los que nos se halló TLDs. Saltarse JARs no necesarios durante la exploración puede dar lugar a una mejora de tiempo significativa en el arranque y compilación de JSP .
06-Jul-2024 15:04:36.553 INFORMACIÓN [main] org.apache.catalina.startup.HostConfig.deployDirectory Deployment of web application directory [/Users/israellcid/Documents/MasterCompletoJava2024/apache-tomcat-10.1.18/webapps/examples] has finished in [473] ms
06-Jul-2024 15:04:36.553 INFORMACIÓN [main] org.apache.catalina.startup.HostConfig.deployDirectory Desplegando el directorio [/Users/israellcid/Documents/MasterCompletoJava2024/apache-tomcat-10.1.18/webapps/ROOT] de la aplicación web
06-Jul-2024 15:04:36.854 INFORMACIÓN [main] org.apache.jasper.servlet.TldScanner.scanJars Al menos un JAR, que se ha explorado buscando TLDs, aún no contenía TLDs. Activar historial de depuración para este historiador para una completa lista de los JARs que fueron explorados y de los que nos se halló TLDs. Saltarse JARs no necesarios durante la exploración puede dar lugar a una mejora de tiempo significativa en el arranque y compilación de JSP .
06-Jul-2024 15:04:36.855 INFORMACIÓN [main] org.apache.catalina.startup.HostConfig.deployDirectory Deployment of web application directory [/Users/israellcid/Documents/MasterCompletoJava2024/apache-tomcat-10.1.18/webapps/ROOT] has finished in [302] ms
06-Jul-2024 15:04:36.856 INFORMACIÓN [main] org.apache.catalina.startup.HostConfig.deployDirectory Desplegando el directorio [/Users/israellcid/Documents/MasterCompletoJava2024/apache-tomcat-10.1.18/webapps/host-manager] de la aplicación web
06-Jul-2024 15:04:37.143 INFORMACIÓN [main] org.apache.jasper.servlet.TldScanner.scanJars Al menos un JAR, que se ha explorado buscando TLDs, aún no contenía TLDs. Activar historial de depuración para este historiador para una completa lista de los JARs que fueron explorados y de los que nos se halló TLDs. Saltarse JARs no necesarios durante la exploración puede dar lugar a una mejora de tiempo significativa en el arranque y compilación de JSP .
06-Jul-2024 15:04:37.145 INFORMACIÓN [main] org.apache.catalina.startup.HostConfig.deployDirectory Deployment of web application directory [/Users/israellcid/Documents/MasterCompletoJava2024/apache-tomcat-10.1.18/webapps/host-manager] has finished in [289] ms
06-Jul-2024 15:04:37.149 INFORMACIÓN [main] org.apache.coyote.AbstractProtocol.start Starting ProtocolHandler ["http-nio-8080"]
06-Jul-2024 15:04:37.162 INFORMACIÓN [main] org.apache.catalina.startup.Catalina.start Server startup in [3176] milliseconds
06-Jul-2024 15:05:08.278 INFORMACIÓN [http-nio-8080-exec-1] org.apache.catalina.startup.HostConfig.undeploy Repliegue (undeploy) de la aplicación web que tiene como trayectoria de contexto [/webapp-session]
06-Jul-2024 15:05:08.316 INFORMACIÓN [http-nio-8080-exec-1] org.apache.catalina.startup.HostConfig.deployWAR Despliegue del archivo [/Users/israellcid/Documents/MasterCompletoJava2024/apache-tomcat-10.1.18/webapps/webapp-session.war] de la aplicación web
06-Jul-2024 15:05:08.889 INFORMACIÓN [http-nio-8080-exec-1] org.apache.jasper.servlet.TldScanner.scanJars Al menos un JAR, que se ha explorado buscando TLDs, aún no contenía TLDs. Activar historial de depuración para este historiador para una completa lista de los JARs que fueron explorados y de los que nos se halló TLDs. Saltarse JARs no necesarios durante la exploración puede dar lugar a una mejora de tiempo significativa en el arranque y compilación de JSP .
06-Jul-2024 15:05:08.892 INFORMACIÓN [http-nio-8080-exec-1] org.apache.catalina.startup.HostConfig.deployWAR Deployment of web application archive [/Users/israellcid/Documents/MasterCompletoJava2024/apache-tomcat-10.1.18/webapps/webapp-session.war] has finished in [577] ms
06-Jul-2024 15:07:27.497 INFORMACIÓN [main] org.apache.catalina.startup.VersionLoggerListener.log Nombre de la versión del servidor: Apache Tomcat/10.1.18
06-Jul-2024 15:07:27.500 INFORMACIÓN [main] org.apache.catalina.startup.VersionLoggerListener.log Server built:                      Jan 5 2024 14:39:40 UTC
06-Jul-2024 15:07:27.500 INFORMACIÓN [main] org.apache.catalina.startup.VersionLoggerListener.log Número de versión de servidor:     10.1.18.0
06-Jul-2024 15:07:27.500 INFORMACIÓN [main] org.apache.catalina.startup.VersionLoggerListener.log OS Name:                           Mac OS X
06-Jul-2024 15:07:27.500 INFORMACIÓN [main] org.apache.catalina.startup.VersionLoggerListener.log Versión de Systema Operativo:      14.5
06-Jul-2024 15:07:27.500 INFORMACIÓN [main] org.apache.catalina.startup.VersionLoggerListener.log Arquitectura:                      x86_64
06-Jul-2024 15:07:27.501 INFORMACIÓN [main] org.apache.catalina.startup.VersionLoggerListener.log Java Home:                         /Library/Java/JavaVirtualMachines/openjdk11/Contents/Home
06-Jul-2024 15:07:27.501 INFORMACIÓN [main] org.apache.catalina.startup.VersionLoggerListener.log JVM Version:                       11.0.16.1+1
06-Jul-2024 15:07:27.501 INFORMACIÓN [main] org.apache.catalina.startup.VersionLoggerListener.log Vededor JVM:                       OpenJDK Porters Group
06-Jul-2024 15:07:27.501 INFORMACIÓN [main] org.apache.catalina.startup.VersionLoggerListener.log CATALINA_BASE:                     /Users/israellcid/Documents/MasterCompletoJava2024/apache-tomcat-10.1.18
06-Jul-2024 15:07:27.501 INFORMACIÓN [main] org.apache.catalina.startup.VersionLoggerListener.log CATALINA_HOME:                     /Users/israellcid/Documents/MasterCompletoJava2024/apache-tomcat-10.1.18
06-Jul-2024 15:07:27.513 INFORMACIÓN [main] org.apache.catalina.startup.VersionLoggerListener.log Command line argument:             -Djava.util.logging.config.file=/Users/israellcid/Documents/MasterCompletoJava2024/apache-tomcat-10.1.18/conf/logging.properties
06-Jul-2024 15:07:27.513 INFORMACIÓN [main] org.apache.catalina.startup.VersionLoggerListener.log Command line argument:             -Djava.util.logging.manager=org.apache.juli.ClassLoaderLogManager
06-Jul-2024 15:07:27.513 INFORMACIÓN [main] org.apache.catalina.startup.VersionLoggerListener.log Command line argument:             -Djdk.tls.ephemeralDHKeySize=2048
06-Jul-2024 15:07:27.514 INFORMACIÓN [main] org.apache.catalina.startup.VersionLoggerListener.log Command line argument:             -Djava.protocol.handler.pkgs=org.apache.catalina.webresources
06-Jul-2024 15:07:27.514 INFORMACIÓN [main] org.apache.catalina.startup.VersionLoggerListener.log Command line argument:             -Dorg.apache.catalina.security.SecurityListener.UMASK=0027
06-Jul-2024 15:07:27.514 INFORMACIÓN [main] org.apache.catalina.startup.VersionLoggerListener.log Command line argument:             --add-opens=java.base/java.lang=ALL-UNNAMED
06-Jul-2024 15:07:27.514 INFORMACIÓN [main] org.apache.catalina.startup.VersionLoggerListener.log Command line argument:             --add-opens=java.base/java.io=ALL-UNNAMED
06-Jul-2024 15:07:27.514 INFORMACIÓN [main] org.apache.catalina.startup.VersionLoggerListener.log Command line argument:             --add-opens=java.base/java.util=ALL-UNNAMED
06-Jul-2024 15:07:27.514 INFORMACIÓN [main] org.apache.catalina.startup.VersionLoggerListener.log Command line argument:             --add-opens=java.base/java.util.concurrent=ALL-UNNAMED
06-Jul-2024 15:07:27.514 INFORMACIÓN [main] org.apache.catalina.startup.VersionLoggerListener.log Command line argument:             --add-opens=java.rmi/sun.rmi.transport=ALL-UNNAMED
06-Jul-2024 15:07:27.514 INFORMACIÓN [main] org.apache.catalina.startup.VersionLoggerListener.log Command line argument:             -Dcatalina.base=/Users/israellcid/Documents/MasterCompletoJava2024/apache-tomcat-10.1.18
06-Jul-2024 15:07:27.514 INFORMACIÓN [main] org.apache.catalina.startup.VersionLoggerListener.log Command line argument:             -Dcatalina.home=/Users/israellcid/Documents/MasterCompletoJava2024/apache-tomcat-10.1.18
06-Jul-2024 15:07:27.515 INFORMACIÓN [main] org.apache.catalina.startup.VersionLoggerListener.log Command line argument:             -Djava.io.tmpdir=/Users/israellcid/Documents/MasterCompletoJava2024/apache-tomcat-10.1.18/temp
06-Jul-2024 15:07:27.523 INFORMACIÓN [main] org.apache.catalina.core.AprLifecycleListener.lifecycleEvent La biblioteca nativa de Apache Tomcat basada en ARP que permite un rendimiento óptimo en entornos de desarrollo no ha sido hallada en java.library.path: [/Users/israellcid/Library/Java/Extensions:/Library/Java/Extensions:/Network/Library/Java/Extensions:/System/Library/Java/Extensions:/usr/lib/java:.]
06-Jul-2024 15:07:27.738 INFORMACIÓN [main] org.apache.coyote.AbstractProtocol.init Inicializando el manejador de protocolo ["http-nio-8080"]

06-Jul-2024 15:07:27.756 GRAVE [main] org.apache.catalina.util.LifecycleBase.handleSubClassException Fallo al iniciar el componente [Connector["http-nio-8080"]]
	org.apache.catalina.LifecycleException: Falló la inicialización del manejador de protocolo
		at org.apache.catalina.connector.Connector.initInternal(Connector.java:1015)
		at org.apache.catalina.util.LifecycleBase.init(LifecycleBase.java:127)
		at org.apache.catalina.core.StandardService.initInternal(StandardService.java:554)
		at org.apache.catalina.util.LifecycleBase.init(LifecycleBase.java:127)
		at org.apache.catalina.core.StandardServer.initInternal(StandardServer.java:1010)
		at org.apache.catalina.util.LifecycleBase.init(LifecycleBase.java:127)
		at org.apache.catalina.startup.Catalina.load(Catalina.java:747)
		at org.apache.catalina.startup.Catalina.load(Catalina.java:769)
		at java.base/jdk.internal.reflect.NativeMethodAccessorImpl.invoke0(Native Method)
		at java.base/jdk.internal.reflect.NativeMethodAccessorImpl.invoke(NativeMethodAccessorImpl.java:62)
		at java.base/jdk.internal.reflect.DelegatingMethodAccessorImpl.invoke(DelegatingMethodAccessorImpl.java:43)
		at java.base/java.lang.reflect.Method.invoke(Method.java:566)
		at org.apache.catalina.startup.Bootstrap.load(Bootstrap.java:307)
		at org.apache.catalina.startup.Bootstrap.main(Bootstrap.java:477)
	Caused by: java.net.BindException: Address already in use
		at java.base/sun.nio.ch.Net.bind0(Native Method)
		at java.base/sun.nio.ch.Net.bind(Net.java:459)
		at java.base/sun.nio.ch.Net.bind(Net.java:448)
		at java.base/sun.nio.ch.ServerSocketChannelImpl.bind(ServerSocketChannelImpl.java:227)
		at org.apache.tomcat.util.net.NioEndpoint.initServerSocket(NioEndpoint.java:247)
		at org.apache.tomcat.util.net.NioEndpoint.bind(NioEndpoint.java:202)
		at org.apache.tomcat.util.net.AbstractEndpoint.bindWithCleanup(AbstractEndpoint.java:1280)
		at org.apache.tomcat.util.net.AbstractEndpoint.init(AbstractEndpoint.java:1293)
		at org.apache.coyote.AbstractProtocol.init(AbstractProtocol.java:624)
		at org.apache.coyote.http11.AbstractHttp11Protocol.init(AbstractHttp11Protocol.java:77)
		at org.apache.catalina.connector.Connector.initInternal(Connector.java:1013)
		... 13 more
06-Jul-2024 15:07:27.757 INFORMACIÓN [main] org.apache.catalina.startup.Catalina.load Server initialization in [475] milliseconds
06-Jul-2024 15:07:27.795 INFORMACIÓN [main] org.apache.catalina.core.StandardService.startInternal Arrancando servicio [Catalina]
06-Jul-2024 15:07:27.795 INFORMACIÓN [main] org.apache.catalina.core.StandardEngine.startInternal Starting Servlet engine: [Apache Tomcat/10.1.18]
06-Jul-2024 15:07:27.823 INFORMACIÓN [main] org.apache.catalina.startup.HostConfig.deployWAR Despliegue del archivo [/Users/israellcid/Documents/MasterCompletoJava2024/apache-tomcat-10.1.18/webapps/webapp-bbdd-tarea9.war] de la aplicación web
06-Jul-2024 15:07:28.784 INFORMACIÓN [main] org.apache.jasper.servlet.TldScanner.scanJars Al menos un JAR, que se ha explorado buscando TLDs, aún no contenía TLDs. Activar historial de depuración para este historiador para una completa lista de los JARs que fueron explorados y de los que nos se halló TLDs. Saltarse JARs no necesarios durante la exploración puede dar lugar a una mejora de tiempo significativa en el arranque y compilación de JSP .
06-Jul-2024 15:07:28.817 INFORMACIÓN [main] org.apache.catalina.startup.HostConfig.deployWAR Deployment of web application archive [/Users/israellcid/Documents/MasterCompletoJava2024/apache-tomcat-10.1.18/webapps/webapp-bbdd-tarea9.war] has finished in [992] ms
06-Jul-2024 15:07:28.818 INFORMACIÓN [main] org.apache.catalina.startup.HostConfig.deployWAR Despliegue del archivo [/Users/israellcid/Documents/MasterCompletoJava2024/apache-tomcat-10.1.18/webapps/webapp-session.war] de la aplicación web
06-Jul-2024 15:07:29.287 INFORMACIÓN [main] org.apache.jasper.servlet.TldScanner.scanJars Al menos un JAR, que se ha explorado buscando TLDs, aún no contenía TLDs. Activar historial de depuración para este historiador para una completa lista de los JARs que fueron explorados y de los que nos se halló TLDs. Saltarse JARs no necesarios durante la exploración puede dar lugar a una mejora de tiempo significativa en el arranque y compilación de JSP .
06-Jul-2024 15:07:29.290 INFORMACIÓN [main] org.apache.catalina.startup.HostConfig.deployWAR Deployment of web application archive [/Users/israellcid/Documents/MasterCompletoJava2024/apache-tomcat-10.1.18/webapps/webapp-session.war] has finished in [472] ms
06-Jul-2024 15:07:29.290 INFORMACIÓN [main] org.apache.catalina.startup.HostConfig.deployDirectory Desplegando el directorio [/Users/israellcid/Documents/MasterCompletoJava2024/apache-tomcat-10.1.18/webapps/docs] de la aplicación web
06-Jul-2024 15:07:29.643 INFORMACIÓN [main] org.apache.jasper.servlet.TldScanner.scanJars Al menos un JAR, que se ha explorado buscando TLDs, aún no contenía TLDs. Activar historial de depuración para este historiador para una completa lista de los JARs que fueron explorados y de los que nos se halló TLDs. Saltarse JARs no necesarios durante la exploración puede dar lugar a una mejora de tiempo significativa en el arranque y compilación de JSP .
06-Jul-2024 15:07:29.645 INFORMACIÓN [main] org.apache.catalina.startup.HostConfig.deployDirectory Deployment of web application directory [/Users/israellcid/Documents/MasterCompletoJava2024/apache-tomcat-10.1.18/webapps/docs] has finished in [355] ms
06-Jul-2024 15:07:29.645 INFORMACIÓN [main] org.apache.catalina.startup.HostConfig.deployDirectory Desplegando el directorio [/Users/israellcid/Documents/MasterCompletoJava2024/apache-tomcat-10.1.18/webapps/manager] de la aplicación web
06-Jul-2024 15:07:29.986 INFORMACIÓN [main] org.apache.jasper.servlet.TldScanner.scanJars Al menos un JAR, que se ha explorado buscando TLDs, aún no contenía TLDs. Activar historial de depuración para este historiador para una completa lista de los JARs que fueron explorados y de los que nos se halló TLDs. Saltarse JARs no necesarios durante la exploración puede dar lugar a una mejora de tiempo significativa en el arranque y compilación de JSP .
06-Jul-2024 15:07:29.992 INFORMACIÓN [main] org.apache.catalina.startup.HostConfig.deployDirectory Deployment of web application directory [/Users/israellcid/Documents/MasterCompletoJava2024/apache-tomcat-10.1.18/webapps/manager] has finished in [347] ms
06-Jul-2024 15:07:29.993 INFORMACIÓN [main] org.apache.catalina.startup.HostConfig.deployDirectory Desplegando el directorio [/Users/israellcid/Documents/MasterCompletoJava2024/apache-tomcat-10.1.18/webapps/examples] de la aplicación web
06-Jul-2024 15:07:30.424 INFORMACIÓN [main] org.apache.jasper.servlet.TldScanner.scanJars Al menos un JAR, que se ha explorado buscando TLDs, aún no contenía TLDs. Activar historial de depuración para este historiador para una completa lista de los JARs que fueron explorados y de los que nos se halló TLDs. Saltarse JARs no necesarios durante la exploración puede dar lugar a una mejora de tiempo significativa en el arranque y compilación de JSP .
06-Jul-2024 15:07:30.436 INFORMACIÓN [main] org.apache.catalina.startup.HostConfig.deployDirectory Deployment of web application directory [/Users/israellcid/Documents/MasterCompletoJava2024/apache-tomcat-10.1.18/webapps/examples] has finished in [444] ms
06-Jul-2024 15:07:30.436 INFORMACIÓN [main] org.apache.catalina.startup.HostConfig.deployDirectory Desplegando el directorio [/Users/israellcid/Documents/MasterCompletoJava2024/apache-tomcat-10.1.18/webapps/ROOT] de la aplicación web
06-Jul-2024 15:07:30.729 INFORMACIÓN [main] org.apache.jasper.servlet.TldScanner.scanJars Al menos un JAR, que se ha explorado buscando TLDs, aún no contenía TLDs. Activar historial de depuración para este historiador para una completa lista de los JARs que fueron explorados y de los que nos se halló TLDs. Saltarse JARs no necesarios durante la exploración puede dar lugar a una mejora de tiempo significativa en el arranque y compilación de JSP .
06-Jul-2024 15:07:30.730 INFORMACIÓN [main] org.apache.catalina.startup.HostConfig.deployDirectory Deployment of web application directory [/Users/israellcid/Documents/MasterCompletoJava2024/apache-tomcat-10.1.18/webapps/ROOT] has finished in [294] ms
06-Jul-2024 15:07:30.730 INFORMACIÓN [main] org.apache.catalina.startup.HostConfig.deployDirectory Desplegando el directorio [/Users/israellcid/Documents/MasterCompletoJava2024/apache-tomcat-10.1.18/webapps/host-manager] de la aplicación web
06-Jul-2024 15:07:31.026 INFORMACIÓN [main] org.apache.jasper.servlet.TldScanner.scanJars Al menos un JAR, que se ha explorado buscando TLDs, aún no contenía TLDs. Activar historial de depuración para este historiador para una completa lista de los JARs que fueron explorados y de los que nos se halló TLDs. Saltarse JARs no necesarios durante la exploración puede dar lugar a una mejora de tiempo significativa en el arranque y compilación de JSP .
06-Jul-2024 15:07:31.027 INFORMACIÓN [main] org.apache.catalina.startup.HostConfig.deployDirectory Deployment of web application directory [/Users/israellcid/Documents/MasterCompletoJava2024/apache-tomcat-10.1.18/webapps/host-manager] has finished in [297] ms
06-Jul-2024 15:07:31.031 INFORMACIÓN [main] org.apache.catalina.startup.Catalina.start Server startup in [3273] milliseconds
06-Jul-2024 15:07:31.036 GRAVE [main] org.apache.catalina.core.StandardServer.await Failed to create server shutdown socket on address [localhost] and port [8005] (base port [8005] and offset [0])
	java.net.BindException: Address already in use (Bind failed)
		at java.base/java.net.PlainSocketImpl.socketBind(Native Method)
		at java.base/java.net.AbstractPlainSocketImpl.bind(AbstractPlainSocketImpl.java:452)
		at java.base/java.net.ServerSocket.bind(ServerSocket.java:395)
		at java.base/java.net.ServerSocket.<init>(ServerSocket.java:257)
		at org.apache.catalina.core.StandardServer.await(StandardServer.java:577)
		at org.apache.catalina.startup.Catalina.await(Catalina.java:887)
		at org.apache.catalina.startup.Catalina.start(Catalina.java:833)
		at java.base/jdk.internal.reflect.NativeMethodAccessorImpl.invoke0(Native Method)
		at java.base/jdk.internal.reflect.NativeMethodAccessorImpl.invoke(NativeMethodAccessorImpl.java:62)
		at java.base/jdk.internal.reflect.DelegatingMethodAccessorImpl.invoke(DelegatingMethodAccessorImpl.java:43)
		at java.base/java.lang.reflect.Method.invoke(Method.java:566)
		at org.apache.catalina.startup.Bootstrap.start(Bootstrap.java:347)
		at org.apache.catalina.startup.Bootstrap.main(Bootstrap.java:478)
06-Jul-2024 15:07:31.036 INFORMACIÓN [main] org.apache.coyote.AbstractProtocol.pause Pausing ProtocolHandler ["http-nio-8080"]
06-Jul-2024 15:07:31.036 INFORMACIÓN [main] org.apache.catalina.core.StandardService.stopInternal Parando servicio [Catalina]
06-Jul-2024 15:07:31.056 INFORMACIÓN [main] org.apache.coyote.AbstractProtocol.stop Stopping ProtocolHandler ["http-nio-8080"]
06-Jul-2024 15:07:31.057 INFORMACIÓN [main] org.apache.coyote.AbstractProtocol.destroy Destroying ProtocolHandler ["http-nio-8080"]
06-Jul-2024 15:07:38.558 INFORMACIÓN [http-nio-8080-exec-13] org.apache.catalina.startup.HostConfig.undeploy Repliegue (undeploy) de la aplicación web que tiene como trayectoria de contexto [/webapp-session]
06-Jul-2024 15:07:38.581 INFORMACIÓN [http-nio-8080-exec-13] org.apache.catalina.startup.HostConfig.deployWAR Despliegue del archivo [/Users/israellcid/Documents/MasterCompletoJava2024/apache-tomcat-10.1.18/webapps/webapp-session.war] de la aplicación web
06-Jul-2024 15:07:39.060 INFORMACIÓN [http-nio-8080-exec-13] org.apache.jasper.servlet.TldScanner.scanJars Al menos un JAR, que se ha explorado buscando TLDs, aún no contenía TLDs. Activar historial de depuración para este historiador para una completa lista de los JARs que fueron explorados y de los que nos se halló TLDs. Saltarse JARs no necesarios durante la exploración puede dar lugar a una mejora de tiempo significativa en el arranque y compilación de JSP .
06-Jul-2024 15:07:39.062 INFORMACIÓN [http-nio-8080-exec-13] org.apache.catalina.startup.HostConfig.deployWAR Deployment of web application archive [/Users/israellcid/Documents/MasterCompletoJava2024/apache-tomcat-10.1.18/webapps/webapp-session.war] has finished in [481] ms
